<?xml version="1.0" encoding="UTF-8"?>
<!-- Generated by org.testng.reporters.JUnitReportReporter -->
<testsuite hostname="Ajad-PC" name="org.zapto.ajad.tests.HomePageTests" tests="1" failures="0" timestamp="26 Nov 2014 19:29:43 GMT" time="31.316" errors="0">
  <testcase name="TestHomePageHasHeader" time="31.316" classname="org.zapto.ajad.tests.HomePageTests"/>
</testsuite> <!-- org.zapto.ajad.tests.HomePageTests -->
