<?xml version="1.0" encoding="UTF-8"?>
<!-- Generated by org.testng.reporters.JUnitReportReporter -->
<testsuite hostname="Ajad-PC" name="org.zapto.ajad.tests.LoginPageTests" tests="3" failures="0" timestamp="26 Nov 2014 19:29:43 GMT" time="18.605" errors="0">
  <testcase name="TestLoginData" time="4.171" classname="org.zapto.ajad.tests.LoginPageTests"/>
  <testcase name="TestLoginData" time="4.632" classname="org.zapto.ajad.tests.LoginPageTests"/>
  <testcase name="TestLoginData" time="9.802" classname="org.zapto.ajad.tests.LoginPageTests"/>
</testsuite> <!-- org.zapto.ajad.tests.LoginPageTests -->
